\BOOKMARK [-1][]{bnuchapter.1.-1}{\376\377\000M\000S\000A\000S\000-\000G\000N\000N\377\032\214\061\232\161\122\250\201\352\220\002\136\224\172\000\165\217\126\376\171\136\176\317\177\121\176\334\166\204\234\201\150\322\232\330\145\110\143\250\164\006}{}% 1
\BOOKMARK [0][]{bnuchapter.2.0}{\376\377\116\146\201\012}{bnuchapter.1.-1}% 2
\BOOKMARK [0][]{bnuchapter.3.0}{}{bnuchapter.1.-1}% 3
\BOOKMARK [0][]{bnuchapter.4.0}{\376\377\000M\000S\000A\000S\000-\000G\000N\000N\377\032\214\061\232\161\122\250\201\352\220\002\136\224\172\000\165\217\126\376\171\136\176\317\177\121\176\334\166\204\234\201\150\322\232\330\145\110\143\250\164\006}{bnuchapter.1.-1}% 4
\BOOKMARK [0][]{bnuchapter.5.0}{\376\377\000M\000S\000A\000S\000-\000G\000N\000N\000:\000\040\000S\000p\000e\000c\000t\000r\000a\000l\000-\000D\000r\000i\000v\000e\000n\000\040\000M\000u\000l\000t\000i\000-\000S\000c\000a\000l\000e\000\040\000A\000d\000a\000p\000t\000i\000v\000e\000\040\000S\000p\000a\000r\000s\000e\000\040\000G\000r\000a\000p\000h\000\040\000N\000e\000u\000r\000a\000l\000\040\000N\000e\000t\000w\000o\000r\000k\000s\000\040\000f\000o\000r\000\040\000R\000o\000b\000u\000s\000t\000\040\000a\000n\000d\000\040\000E\000f\000f\000i\000c\000i\000e\000n\000t\000\040\000I\000n\000f\000e\000r\000e\000n\000c\000e}{bnuchapter.1.-1}% 5
\BOOKMARK [0][]{bnuchapter.6.0}{\376\377\166\356\137\125}{bnuchapter.1.-1}% 6
\BOOKMARK [0][]{bnuchapter.7.0}{\376\377\143\322\126\376\156\005\123\125}{bnuchapter.1.-1}% 7
\BOOKMARK [0][]{bnuchapter.8.0}{\376\377\226\104\210\150\156\005\123\125}{bnuchapter.1.-1}% 8
\BOOKMARK [0][]{bnuchapter.9.0}{\376\377\173\227\154\325\156\005\123\125}{bnuchapter.1.-1}% 9
\BOOKMARK [0][]{section*.17}{\376\377\173\046\123\367\124\214\177\051\165\145\213\355\213\364\146\016}{bnuchapter.1.-1}% 10
\BOOKMARK [0][]{chapter.1}{\376\377\173\054\0001\172\340\000\040\176\352\213\272}{bnuchapter.1.-1}% 11
\BOOKMARK [1][-]{section.1.1}{\376\377\0001\000.\0001\000\040\170\024\172\166\200\314\146\157\116\016\141\017\116\111}{chapter.1}% 12
\BOOKMARK [1][-]{section.1.2}{\376\377\0001\000.\0002\000\040\126\375\121\205\131\026\170\024\172\166\163\260\162\266}{chapter.1}% 13
\BOOKMARK [2][-]{subsection.1.2.1}{\376\377\0001\000.\0002\000.\0001\000\040\126\376\171\136\176\317\177\121\176\334\127\050\176\277\143\250\164\006\145\110\163\207\166\370\121\163\170\024\172\166}{section.1.2}% 14
\BOOKMARK [2][-]{subsection.1.2.2}{\376\377\0001\000.\0002\000.\0002\000\040\232\330\145\110\116\016\172\000\165\217\126\376\171\136\176\317\177\121\176\334\145\271\154\325}{section.1.2}% 15
\BOOKMARK [2][-]{subsection.1.2.3}{\376\377\0001\000.\0002\000.\0003\000\040\131\015\147\102\126\376\176\323\147\204\133\146\116\140\116\016\214\061\211\306\211\322\145\271\154\325}{section.1.2}% 16
\BOOKMARK [1][-]{section.1.3}{\376\377\0001\000.\0003\000\040\170\024\172\166\121\205\133\271\116\016\122\033\145\260\160\271}{chapter.1}% 17
\BOOKMARK [1][-]{section.1.4}{\376\377\0001\000.\0004\000\040\142\200\147\057\215\357\176\277\116\016\213\272\145\207\176\304\176\307\176\323\147\204}{chapter.1}% 18
\BOOKMARK [1][-]{section.1.5}{\376\377\0001\000.\0005\000\040\147\054\172\340\134\017\176\323}{chapter.1}% 19
\BOOKMARK [0][]{chapter.2}{\376\377\173\054\0002\172\340\000\040\166\370\121\163\135\345\117\134}{bnuchapter.1.-1}% 20
\BOOKMARK [1][-]{section.2.1}{\376\377\0002\000.\0001\000\040\126\376\171\136\176\317\177\121\176\334\127\372\170\100\116\016\214\061\126\376\164\006\213\272}{chapter.2}% 21
\BOOKMARK [1][-]{section.2.2}{\376\377\0002\000.\0002\000\040\232\330\145\110\116\016\172\000\165\217\126\376\171\136\176\317\177\121\176\334\145\271\154\325}{chapter.2}% 22
\BOOKMARK [1][-]{section.2.3}{\376\377\0002\000.\0003\000\040\131\015\147\102\126\376\176\323\147\204\116\016\214\061\211\306\211\322\166\370\121\163\145\271\154\325}{chapter.2}% 23
\BOOKMARK [2][-]{subsection.2.3.1}{\376\377\0002\000.\0003\000.\0001\000\040\126\376\176\323\147\204\135\356\137\002\116\016\230\221\163\207\124\315\136\224}{section.2.3}% 24
\BOOKMARK [2][-]{subsection.2.3.2}{\376\377\0002\000.\0003\000.\0002\000\040\116\343\210\150\140\047\131\015\147\102\126\376\176\323\147\204\131\004\164\006\145\271\154\325}{section.2.3}% 25
\BOOKMARK [1][-]{section.2.4}{\376\377\0002\000.\0004\000\040\147\054\172\340\134\017\176\323\116\016\170\024\172\166\172\172\166\175}{chapter.2}% 26
\BOOKMARK [0][]{chapter.3}{\376\377\173\054\0003\172\340\000\040\225\356\230\230\137\142\137\017\123\026\116\016\126\376\131\015\147\102\136\246\143\007\150\007\117\123\174\373}{bnuchapter.1.-1}% 27
\BOOKMARK [1][-]{section.3.1}{\376\377\0003\000.\0001\000\040\225\356\230\230\137\142\137\017\123\026\116\016\117\030\123\026\166\356\150\007}{chapter.3}% 28
\BOOKMARK [2][-]{subsection.3.1.1}{\376\377\0003\000.\0001\000.\0001\000\040\126\376\133\146\116\140\127\372\147\054\213\276\133\232\116\016\000S\000D\000G\000N\000N\127\372\121\306}{section.3.1}% 29
\BOOKMARK [2][-]{subsection.3.1.2}{\376\377\0003\000.\0001\000.\0002\000\040\176\337\116\000\117\030\123\026\166\356\150\007\116\016\230\204\173\227\176\246\147\137}{section.3.1}% 30
\BOOKMARK [2][-]{subsection.3.1.3}{\376\377\0003\000.\0001\000.\0003\000\040\217\321\117\074\213\357\135\356\136\246\221\317\116\016\116\011\230\171\213\276\213\241\121\306\122\031}{section.3.1}% 31
\BOOKMARK [1][-]{section.3.2}{\376\377\0003\000.\0002\000\040\126\376\131\015\147\102\136\246\221\317\123\026\143\007\150\007\117\123\174\373}{chapter.3}% 32
\BOOKMARK [2][-]{subsection.3.2.1}{\376\377\0003\000.\0002\000.\0001\000\040\214\061\225\364\226\231\116\016\202\202\160\271\214\061\200\375\221\317}{section.3.2}% 33
\BOOKMARK [2][-]{subsection.3.2.2}{\376\377\0003\000.\0002\000.\0002\000\040\134\100\220\350\126\376\161\265}{section.3.2}% 34
\BOOKMARK [2][-]{subsection.3.2.3}{\376\377\0003\000.\0002\000.\0003\000\040\202\202\160\271\116\055\137\303\140\047}{section.3.2}% 35
\BOOKMARK [1][-]{section.3.3}{\376\377\0003\000.\0003\000\040\147\054\172\340\134\017\176\323}{chapter.3}% 36
\BOOKMARK [0][]{chapter.4}{\376\377\173\054\0004\172\340\000\040\214\061\232\161\122\250\116\011\176\364\201\352\220\002\136\224\172\000\165\217\147\072\122\066}{bnuchapter.1.-1}% 37
\BOOKMARK [1][-]{section.4.1}{\376\377\0004\000.\0001\000\040\230\221\163\207\176\364\136\246\377\032\202\202\160\271\214\061\200\375\221\317\166\204\176\337\116\000\214\061\217\223\121\145}{chapter.4}% 38
\BOOKMARK [1][-]{section.4.2}{\376\377\0004\000.\0002\000\040\202\202\160\271\176\364\136\246\377\032\202\202\160\271\176\247\201\352\220\002\136\224\153\143\122\031\174\373\145\160}{chapter.4}% 39
\BOOKMARK [2][-]{subsection.4.2.1}{\376\377\0004\000.\0002\000.\0001\000\040\202\202\160\271\176\247\153\143\122\031\174\373\145\160\166\204\147\204\220\040\123\237\122\031}{section.4.2}% 40
\BOOKMARK [2][-]{subsection.4.2.2}{\376\377\0004\000.\0002\000.\0002\000\040\131\032\126\340\133\120\207\215\124\010\166\204\133\214\145\164\121\154\137\017}{section.4.2}% 41
\BOOKMARK [2][-]{subsection.4.2.3}{\376\377\0004\000.\0002\000.\0003\000\040\173\227\154\325\133\236\163\260}{section.4.2}% 42
\BOOKMARK [1][-]{section.4.3}{\376\377\0004\000.\0003\000\040\134\102\176\247\176\364\136\246\377\032\122\006\134\102\215\363\215\335\230\204\173\227\122\006\221\115}{chapter.4}% 43
\BOOKMARK [2][-]{subsection.4.3.1}{\376\377\0004\000.\0003\000.\0001\000\040\122\006\134\102\117\341\140\157\210\160\121\317\165\114\122\006\147\220}{section.4.3}% 44
\BOOKMARK [2][-]{subsection.4.3.2}{\376\377\0004\000.\0003\000.\0002\000\040\122\006\134\102\117\335\165\131\163\207\000\040\000p\000l\000\040\166\204\116\044\171\315\173\126\165\145}{section.4.3}% 45
\BOOKMARK [2][-]{subsection.4.3.3}{\376\377\0004\000.\0003\000.\0003\000\040\202\202\160\271\000-\215\363\215\335\200\124\124\010\230\204\173\227\122\006\221\115\173\126\165\145}{section.4.3}% 46
\BOOKMARK [1][-]{section.4.4}{\376\377\0004\000.\0004\000\040\147\054\172\340\134\017\176\323}{chapter.4}% 47
\BOOKMARK [0][]{chapter.5}{\376\377\173\054\0005\172\340\000\040\173\227\154\325\145\164\124\010\060\001\213\357\135\356\122\006\147\220\116\016\131\015\147\102\136\246\122\006\147\220}{bnuchapter.1.-1}% 48
\BOOKMARK [1][-]{section.5.1}{\376\377\0005\000.\0001\000\040\000L\000A\000R\000S\122\006\134\102\172\000\165\217\154\102\211\343\116\016\116\244\146\377\117\030\123\026}{chapter.5}% 49
\BOOKMARK [2][-]{subsection.5.1.1}{\376\377\0005\000.\0001\000.\0001\000\040\122\006\134\102\000L\000A\000R\000S\166\204\120\031\220\011\226\306\147\204\220\040\116\016\145\271\150\110\220\011\133\232}{section.5.1}% 50
\BOOKMARK [2][-]{subsection.5.1.2}{\376\377\0005\000.\0001\000.\0002\000\040\133\214\145\164\116\244\146\377\117\030\123\026\173\227\154\325}{section.5.1}% 51
\BOOKMARK [2][-]{subsection.5.1.3}{\376\377\0005\000.\0001\000.\0003\000\040\117\030\123\026\172\063\133\232\140\047\116\016\133\236\163\260\213\364\146\016}{section.5.1}% 52
\BOOKMARK [1][-]{section.5.2}{\376\377\0005\000.\0002\000\040\213\357\135\356\122\006\147\220\116\016\220\002\165\050\147\141\116\366}{chapter.5}% 53
\BOOKMARK [2][-]{subsection.5.2.1}{\376\377\0005\000.\0002\000.\0001\000\040\201\352\220\002\136\224\123\302\145\160\213\276\213\241\116\016\213\357\135\356\122\006\147\220\166\204\143\245\123\343}{section.5.2}% 54
\BOOKMARK [2][-]{subsection.5.2.2}{\376\377\0005\000.\0002\000.\0002\000\040\214\061\166\370\117\074\140\047\116\016\126\376\172\000\165\217\123\026}{section.5.2}% 55
\BOOKMARK [2][-]{subsection.5.2.3}{\376\377\0005\000.\0002\000.\0003\000\040\131\032\230\171\137\017\214\061\156\344\154\342\126\150\166\204\217\321\117\074\213\357\135\356\165\114}{section.5.2}% 56
\BOOKMARK [1][-]{section.5.3}{\376\377\0005\000.\0003\000\040\131\015\147\102\136\246\122\006\147\220}{chapter.5}% 57
\BOOKMARK [1][-]{section.5.4}{\376\377\0005\000.\0004\000\040\147\054\172\340\134\017\176\323}{chapter.5}% 58
\BOOKMARK [0][]{chapter.6}{\376\377\173\054\0006\172\340\000\040\133\236\232\214\213\304\117\060}{bnuchapter.1.-1}% 59
\BOOKMARK [1][-]{section.6.1}{\376\377\0006\000.\0001\000\040\133\236\232\214\213\276\177\156}{chapter.6}% 60
\BOOKMARK [1][-]{section.6.2}{\376\377\0006\000.\0002\000\040\202\202\160\271\122\006\174\173\116\073\133\236\232\214}{chapter.6}% 61
\BOOKMARK [1][-]{section.6.3}{\376\377\0006\000.\0003\000\040\155\210\207\215\133\236\232\214\116\016\122\006\147\220\176\323\213\272\232\214\213\301}{chapter.6}% 62
\BOOKMARK [2][-]{subsection.6.3.1}{\376\377\0006\000.\0003\000.\0001\000\040\220\020\152\041\127\127\155\210\207\215\122\006\147\220}{section.6.3}% 63
\BOOKMARK [2][-]{subsection.6.3.2}{\376\377\0006\000.\0003\000.\0002\000\040\215\363\215\335\230\204\173\227\122\006\221\115\173\126\165\145\155\210\207\215}{section.6.3}% 64
\BOOKMARK [2][-]{subsection.6.3.3}{\376\377\0006\000.\0003\000.\0003\000\040\215\205\123\302\145\160\145\117\141\037\140\047\122\006\147\220}{section.6.3}% 65
\BOOKMARK [1][-]{section.6.4}{\376\377\0006\000.\0004\000\040\145\110\163\207\122\006\147\220}{chapter.6}% 66
\BOOKMARK [2][-]{subsection.6.4.1}{\376\377\0006\000.\0004\000.\0001\000\040\143\250\164\006\145\110\163\207\116\016\121\205\133\130\176\374\124\010\133\371\153\324}{section.6.4}% 67
\BOOKMARK [2][-]{subsection.6.4.2}{\376\377\0006\000.\0004\000.\0002\000\040\230\204\131\004\164\006\144\112\225\000\116\016\000\040\000b\000r\000e\000a\000k\000-\000e\000v\000e\000n\000\040\122\006\147\220}{section.6.4}% 68
\BOOKMARK [1][-]{section.6.5}{\376\377\0006\000.\0005\000\040\123\357\211\306\123\026\122\006\147\220}{chapter.6}% 69
\BOOKMARK [1][-]{section.6.6}{\376\377\0006\000.\0006\000\040\147\054\172\340\134\017\176\323}{chapter.6}% 70
\BOOKMARK [0][]{chapter.7}{\376\377\173\054\0007\172\340\000\040\140\073\176\323\116\016\134\125\147\033}{bnuchapter.1.-1}% 71
\BOOKMARK [1][-]{section.7.1}{\376\377\0007\000.\0001\000\040\170\024\172\166\135\345\117\134\140\073\176\323}{chapter.7}% 72
\BOOKMARK [2][-]{subsection.7.1.1}{\376\377\0007\000.\0001\000.\0001\000\040\225\356\230\230\200\314\146\157\116\016\150\070\137\303\143\021\142\030}{section.7.1}% 73
\BOOKMARK [2][-]{subsection.7.1.2}{\376\377\0007\000.\0001\000.\0002\000\040\124\004\172\340\150\070\137\303\135\345\117\134\126\336\230\176}{section.7.1}% 74
\BOOKMARK [2][-]{subsection.7.1.3}{\376\377\0007\000.\0001\000.\0003\000\040\145\271\154\325\060\001\122\006\147\220\116\016\133\236\232\214\176\323\147\234\166\204\116\000\201\364\140\047\213\364\146\016}{section.7.1}% 75
\BOOKMARK [1][-]{section.7.2}{\376\377\0007\000.\0002\000\040\116\073\211\201\215\041\163\056\116\016\122\033\145\260\160\271}{chapter.7}% 76
\BOOKMARK [1][-]{section.7.3}{\376\377\0007\000.\0003\000\040\170\024\172\166\134\100\226\120\140\047}{chapter.7}% 77
\BOOKMARK [1][-]{section.7.4}{\376\377\0007\000.\0004\000\040\147\052\147\145\170\024\172\166\145\271\124\021}{chapter.7}% 78
\BOOKMARK [0][]{section*.62}{\376\377\123\302\200\003\145\207\163\056}{bnuchapter.1.-1}% 79
\BOOKMARK [0][]{section*.64}{\376\377\175\042\137\025}{bnuchapter.1.-1}% 80
\BOOKMARK [1][-]{section*.67}{\376\377\122\033\145\260\175\042\137\025}{section*.64}% 81
\BOOKMARK [1][-]{section*.68}{\376\377\116\073\230\230\175\042\137\025}{section*.64}% 82
\BOOKMARK [1][-]{section*.69}{\376\377\116\023\147\011\124\015\171\360\175\042\137\025}{section*.64}% 83
\BOOKMARK [0][]{section*.70}{\376\377\127\050\133\146\147\037\225\364\133\214\142\020\166\204\166\370\121\163\133\146\147\057\142\020\147\234}{bnuchapter.1.-1}% 84
\BOOKMARK [0][]{section*.72}{\376\377\201\364\214\042}{bnuchapter.1.-1}% 85
\BOOKMARK [0][]{section*.74}{\376\377\173\124\217\251\131\324\124\130\117\032\124\015\123\125}{bnuchapter.1.-1}% 86
